
> finance-tracker@0.1.0 start
> next start

   ▲ Next.js 15.5.15
   - Local:        http://localhost:3000
   - Network:      http://10.24.22.80:3000

 ✓ Starting...
 ✓ Ready in 307ms

> finance-tracker@0.1.0 start
> next start

   ▲ Next.js 15.5.15
   - Local:        http://localhost:3000
   - Network:      http://192.168.1.15:3000

 ✓ Starting...
 ✓ Ready in 388ms

> finance-tracker@0.1.0 start
> next start

   ▲ Next.js 15.5.15
   - Local:        http://localhost:3000
   - Network:      http://10.42.0.1:3000

 ✓ Starting...
 ✓ Ready in 750ms

> finance-tracker@0.1.0 start
> next start

   ▲ Next.js 15.5.15
   - Local:        http://localhost:3000
   - Network:      http://192.168.1.15:3000

 ✓ Starting...
 ✓ Ready in 823ms

> finance-tracker@0.1.0 start
> next start

   ▲ Next.js 15.5.15
   - Local:        http://localhost:3000
   - Network:      http://192.168.1.15:3000

 ✓ Starting...
 ✓ Ready in 554ms

> finance-tracker@0.1.0 start
> next start

   ▲ Next.js 15.5.15
   - Local:        http://localhost:3000
   - Network:      http://192.168.1.15:3000

 ✓ Starting...
 ✓ Ready in 587ms

> finance-tracker@0.1.0 start
> next start

   ▲ Next.js 15.5.15
   - Local:        http://localhost:3000
   - Network:      http://192.168.1.15:3000

 ✓ Starting...
 ✓ Ready in 692ms

> finance-tracker@0.1.0 start
> next start

   ▲ Next.js 15.5.15
   - Local:        http://localhost:3000
   - Network:      http://192.168.1.15:3000

 ✓ Starting...
 ✓ Ready in 602ms

> finance-tracker@0.1.0 start
> next start

   ▲ Next.js 15.5.15
   - Local:        http://localhost:3000
   - Network:      http://192.168.1.15:3000

 ✓ Starting...
 ✓ Ready in 650ms

> finance-tracker@0.1.0 start
> next start

   ▲ Next.js 15.5.15
   - Local:        http://localhost:3000

 ✓ Starting...
 ✓ Ready in 656ms

> finance-tracker@0.1.0 start
> next start

   ▲ Next.js 15.5.15
   - Local:        http://localhost:3000

 ✓ Starting...
 ✓ Ready in 425ms

> finance-tracker@0.1.0 start
> next start

   ▲ Next.js 15.5.15
   - Local:        http://localhost:3000

 ✓ Starting...
 ✓ Ready in 701ms

> finance-tracker@0.1.0 start
> next start

   ▲ Next.js 15.5.15
   - Local:        http://localhost:3000
   - Network:      http://192.168.1.15:3000

 ✓ Starting...
 ✓ Ready in 482ms

> finance-tracker@0.1.0 start
> next start

   ▲ Next.js 15.5.15
   - Local:        http://localhost:3000

 ✓ Starting...
 ✓ Ready in 423ms

> finance-tracker@0.1.0 start
> next start

   ▲ Next.js 15.5.15
   - Local:        http://localhost:3000

 ✓ Starting...
 ✓ Ready in 731ms

> finance-tracker@0.1.0 start
> next start

   ▲ Next.js 15.5.15
   - Local:        http://localhost:3000
   - Network:      http://10.24.7.47:3000

 ✓ Starting...
 ✓ Ready in 417ms

> finance-tracker@0.1.0 start
> next start

   ▲ Next.js 15.5.15
   - Local:        http://localhost:3000
   - Network:      http://10.24.7.47:3000

 ✓ Starting...
 ✓ Ready in 334ms

> finance-tracker@0.1.0 start
> next start

   ▲ Next.js 15.5.15
   - Local:        http://localhost:3000
   - Network:      http://192.168.1.25:3000

 ✓ Starting...
 ✓ Ready in 272ms
Settings GET error: SqliteError: disk I/O error
    at w (.next/server/app/api/settings/route.js:107:2586) {
  code: 'SQLITE_IOERR_SHORT_READ'
}
Settings GET error: SqliteError: disk I/O error
    at w (.next/server/app/api/settings/route.js:107:2586) {
  code: 'SQLITE_IOERR_SHORT_READ'
}
Dashboard API error: SqliteError: disk I/O error
    at A (.next/server/app/api/dashboard/route.js:107:2567) {
  code: 'SQLITE_IOERR_SHORT_READ'
}
Settings GET error: SqliteError: disk I/O error
    at w (.next/server/app/api/settings/route.js:107:2586) {
  code: 'SQLITE_IOERR_SHORT_READ'
}
Dashboard API error: SqliteError: disk I/O error
    at A (.next/server/app/api/dashboard/route.js:107:2567) {
  code: 'SQLITE_IOERR_SHORT_READ'
}
Settings GET error: SqliteError: disk I/O error
    at w (.next/server/app/api/settings/route.js:107:2586) {
  code: 'SQLITE_IOERR_SHORT_READ'
}
Dashboard API error: SqliteError: disk I/O error
    at A (.next/server/app/api/dashboard/route.js:107:2567) {
  code: 'SQLITE_IOERR_SHORT_READ'
}
Settings GET error: SqliteError: disk I/O error
    at w (.next/server/app/api/settings/route.js:107:2586) {
  code: 'SQLITE_IOERR_SHORT_READ'
}
Dashboard API error: SqliteError: disk I/O error
    at A (.next/server/app/api/dashboard/route.js:107:2567) {
  code: 'SQLITE_IOERR_SHORT_READ'
}
Settings GET error: SqliteError: disk I/O error
    at w (.next/server/app/api/settings/route.js:107:2586) {
  code: 'SQLITE_IOERR_SHORT_READ'
}
Dashboard API error: SqliteError: disk I/O error
    at A (.next/server/app/api/dashboard/route.js:107:2567) {
  code: 'SQLITE_IOERR_SHORT_READ'
}
Settings GET error: SqliteError: disk I/O error
    at w (.next/server/app/api/settings/route.js:107:2586) {
  code: 'SQLITE_IOERR_SHORT_READ'
}
Dashboard API error: SqliteError: disk I/O error
    at A (.next/server/app/api/dashboard/route.js:107:2567) {
  code: 'SQLITE_IOERR_SHORT_READ'
}
Settings GET error: SqliteError: disk I/O error
    at w (.next/server/app/api/settings/route.js:107:2586) {
  code: 'SQLITE_IOERR_SHORT_READ'
}
Dashboard API error: SqliteError: disk I/O error
    at A (.next/server/app/api/dashboard/route.js:107:2567) {
  code: 'SQLITE_IOERR_SHORT_READ'
}
Settings GET error: SqliteError: disk I/O error
    at w (.next/server/app/api/settings/route.js:107:2586) {
  code: 'SQLITE_IOERR_SHORT_READ'
}
Dashboard API error: SqliteError: disk I/O error
    at A (.next/server/app/api/dashboard/route.js:107:2567) {
  code: 'SQLITE_IOERR_SHORT_READ'
}
Settings GET error: SqliteError: disk I/O error
    at w (.next/server/app/api/settings/route.js:107:2586) {
  code: 'SQLITE_IOERR_SHORT_READ'
}
Dashboard API error: SqliteError: disk I/O error
    at A (.next/server/app/api/dashboard/route.js:107:2567) {
  code: 'SQLITE_IOERR_SHORT_READ'
}
Dashboard API error: SqliteError: disk I/O error
    at A (.next/server/app/api/dashboard/route.js:107:2567) {
  code: 'SQLITE_IOERR_SHORT_READ'
}
Settings GET error: SqliteError: disk I/O error
    at w (.next/server/app/api/settings/route.js:107:2586) {
  code: 'SQLITE_IOERR_SHORT_READ'
}
Dashboard API error: SqliteError: disk I/O error
    at A (.next/server/app/api/dashboard/route.js:107:2567) {
  code: 'SQLITE_IOERR_SHORT_READ'
}
Settings GET error: SqliteError: disk I/O error
    at w (.next/server/app/api/settings/route.js:107:2586) {
  code: 'SQLITE_IOERR_SHORT_READ'
}
Dashboard API error: SqliteError: disk I/O error
    at A (.next/server/app/api/dashboard/route.js:107:2567) {
  code: 'SQLITE_IOERR_SHORT_READ'
}
Settings GET error: SqliteError: disk I/O error
    at w (.next/server/app/api/settings/route.js:107:2586) {
  code: 'SQLITE_IOERR_SHORT_READ'
}
Dashboard API error: SqliteError: disk I/O error
    at A (.next/server/app/api/dashboard/route.js:107:2567) {
  code: 'SQLITE_IOERR_SHORT_READ'
}
Settings GET error: SqliteError: disk I/O error
    at w (.next/server/app/api/settings/route.js:107:2586) {
  code: 'SQLITE_IOERR_SHORT_READ'
}
Dashboard API error: SqliteError: disk I/O error
    at A (.next/server/app/api/dashboard/route.js:107:2567) {
  code: 'SQLITE_IOERR_SHORT_READ'
}
Settings GET error: SqliteError: disk I/O error
    at w (.next/server/app/api/settings/route.js:107:2586) {
  code: 'SQLITE_IOERR_SHORT_READ'
}
Dashboard API error: SqliteError: disk I/O error
    at A (.next/server/app/api/dashboard/route.js:107:2567) {
  code: 'SQLITE_IOERR_SHORT_READ'
}
Settings GET error: SqliteError: disk I/O error
    at w (.next/server/app/api/settings/route.js:107:2586) {
  code: 'SQLITE_IOERR_SHORT_READ'
}
Dashboard API error: SqliteError: disk I/O error
    at A (.next/server/app/api/dashboard/route.js:107:2567) {
  code: 'SQLITE_IOERR_SHORT_READ'
}

> finance-tracker@0.1.0 start
> next start

   ▲ Next.js 15.5.15
   - Local:        http://localhost:3000
   - Network:      http://192.168.1.25:3000

 ✓ Starting...
 ✓ Ready in 243ms
Settings GET error: SqliteError: database disk image is malformed
    at <unknown> (.next/server/app/api/accounts/route.js:107:75)
    at m (.next/server/app/api/accounts/route.js:107:1774)
    at w (.next/server/app/api/settings/route.js:107:2540) {
  code: 'SQLITE_CORRUPT'
}
Dashboard API error: SqliteError: database disk image is malformed
    at A (.next/server/app/api/dashboard/route.js:107:2567) {
  code: 'SQLITE_CORRUPT'
}

> finance-tracker@0.1.0 start
> next start

   ▲ Next.js 15.5.15
   - Local:        http://localhost:3000
   - Network:      http://192.168.1.25:3000

 ✓ Starting...
 ✓ Ready in 185ms
Settings GET error: SqliteError: database disk image is malformed
    at <unknown> (.next/server/app/api/accounts/route.js:107:75)
    at m (.next/server/app/api/accounts/route.js:107:1774)
    at w (.next/server/app/api/settings/route.js:107:2540) {
  code: 'SQLITE_CORRUPT'
}
Dashboard API error: SqliteError: database disk image is malformed
    at A (.next/server/app/api/dashboard/route.js:107:2567) {
  code: 'SQLITE_CORRUPT'
}

> finance-tracker@0.1.0 start
> next start

   ▲ Next.js 15.5.15
   - Local:        http://localhost:3000
   - Network:      http://192.168.1.25:3000

 ✓ Starting...
 ✓ Ready in 201ms
Settings GET error: SqliteError: database disk image is malformed
    at <unknown> (.next/server/app/api/accounts/route.js:107:75)
    at m (.next/server/app/api/accounts/route.js:107:1774)
    at w (.next/server/app/api/settings/route.js:107:2540) {
  code: 'SQLITE_CORRUPT'
}
Dashboard API error: SqliteError: database disk image is malformed
    at A (.next/server/app/api/dashboard/route.js:107:2567) {
  code: 'SQLITE_CORRUPT'
}
Settings GET error: SqliteError: database disk image is malformed
    at w (.next/server/app/api/settings/route.js:107:2586) {
  code: 'SQLITE_CORRUPT'
}
Dashboard API error: SqliteError: database disk image is malformed
    at A (.next/server/app/api/dashboard/route.js:107:2567) {
  code: 'SQLITE_CORRUPT'
}
Settings GET error: SqliteError: database disk image is malformed
    at w (.next/server/app/api/settings/route.js:107:2586) {
  code: 'SQLITE_CORRUPT'
}
Dashboard API error: SqliteError: database disk image is malformed
    at A (.next/server/app/api/dashboard/route.js:107:2567) {
  code: 'SQLITE_CORRUPT'
}

> finance-tracker@0.1.0 start
> next start

   ▲ Next.js 15.5.15
   - Local:        http://localhost:3000
   - Network:      http://192.168.1.25:3000

 ✓ Starting...
 ✓ Ready in 183ms
Settings GET error: SqliteError: database disk image is malformed
    at <unknown> (.next/server/app/api/accounts/route.js:107:75)
    at m (.next/server/app/api/accounts/route.js:107:1774)
    at w (.next/server/app/api/settings/route.js:107:2540) {
  code: 'SQLITE_CORRUPT'
}
Dashboard API error: SqliteError: database disk image is malformed
    at A (.next/server/app/api/dashboard/route.js:107:2567) {
  code: 'SQLITE_CORRUPT'
}
Settings GET error: SqliteError: database disk image is malformed
    at w (.next/server/app/api/settings/route.js:107:2586) {
  code: 'SQLITE_CORRUPT'
}
Dashboard API error: SqliteError: database disk image is malformed
    at A (.next/server/app/api/dashboard/route.js:107:2567) {
  code: 'SQLITE_CORRUPT'
}
Settings GET error: SqliteError: database disk image is malformed
    at w (.next/server/app/api/settings/route.js:107:2586) {
  code: 'SQLITE_CORRUPT'
}
Dashboard API error: SqliteError: database disk image is malformed
    at A (.next/server/app/api/dashboard/route.js:107:2567) {
  code: 'SQLITE_CORRUPT'
}
Settings GET error: SqliteError: database disk image is malformed
    at w (.next/server/app/api/settings/route.js:107:2586) {
  code: 'SQLITE_CORRUPT'
}
Dashboard API error: SqliteError: database disk image is malformed
    at A (.next/server/app/api/dashboard/route.js:107:2567) {
  code: 'SQLITE_CORRUPT'
}
Settings GET error: SqliteError: database disk image is malformed
    at w (.next/server/app/api/settings/route.js:107:2586) {
  code: 'SQLITE_CORRUPT'
}
Dashboard API error: SqliteError: database disk image is malformed
    at A (.next/server/app/api/dashboard/route.js:107:2567) {
  code: 'SQLITE_CORRUPT'
}
Settings GET error: SqliteError: database disk image is malformed
    at w (.next/server/app/api/settings/route.js:107:2586) {
  code: 'SQLITE_CORRUPT'
}
Dashboard API error: SqliteError: database disk image is malformed
    at A (.next/server/app/api/dashboard/route.js:107:2567) {
  code: 'SQLITE_CORRUPT'
}
Settings GET error: SqliteError: database disk image is malformed
    at w (.next/server/app/api/settings/route.js:107:2586) {
  code: 'SQLITE_CORRUPT'
}
Dashboard API error: SqliteError: database disk image is malformed
    at A (.next/server/app/api/dashboard/route.js:107:2567) {
  code: 'SQLITE_CORRUPT'
}
Settings GET error: SqliteError: database disk image is malformed
    at w (.next/server/app/api/settings/route.js:107:2586) {
  code: 'SQLITE_CORRUPT'
}
Dashboard API error: SqliteError: database disk image is malformed
    at A (.next/server/app/api/dashboard/route.js:107:2567) {
  code: 'SQLITE_CORRUPT'
}
Settings GET error: SqliteError: database disk image is malformed
    at w (.next/server/app/api/settings/route.js:107:2586) {
  code: 'SQLITE_CORRUPT'
}
Dashboard API error: SqliteError: database disk image is malformed
    at A (.next/server/app/api/dashboard/route.js:107:2567) {
  code: 'SQLITE_CORRUPT'
}
Settings GET error: SqliteError: database disk image is malformed
    at w (.next/server/app/api/settings/route.js:107:2586) {
  code: 'SQLITE_CORRUPT'
}
Dashboard API error: SqliteError: database disk image is malformed
    at A (.next/server/app/api/dashboard/route.js:107:2567) {
  code: 'SQLITE_CORRUPT'
}
Settings GET error: SqliteError: database disk image is malformed
    at w (.next/server/app/api/settings/route.js:107:2586) {
  code: 'SQLITE_CORRUPT'
}
Dashboard API error: SqliteError: database disk image is malformed
    at A (.next/server/app/api/dashboard/route.js:107:2567) {
  code: 'SQLITE_CORRUPT'
}
Dashboard API error: SqliteError: database disk image is malformed
    at A (.next/server/app/api/dashboard/route.js:107:2567) {
  code: 'SQLITE_CORRUPT'
}
Settings GET error: SqliteError: database disk image is malformed
    at w (.next/server/app/api/settings/route.js:107:2586) {
  code: 'SQLITE_CORRUPT'
}
Dashboard API error: SqliteError: database disk image is malformed
    at A (.next/server/app/api/dashboard/route.js:107:2567) {
  code: 'SQLITE_CORRUPT'
}
Settings GET error: SqliteError: database disk image is malformed
    at w (.next/server/app/api/settings/route.js:107:2586) {
  code: 'SQLITE_CORRUPT'
}
Dashboard API error: SqliteError: database disk image is malformed
    at A (.next/server/app/api/dashboard/route.js:107:2567) {
  code: 'SQLITE_CORRUPT'
}
Settings GET error: SqliteError: database disk image is malformed
    at w (.next/server/app/api/settings/route.js:107:2586) {
  code: 'SQLITE_CORRUPT'
}
Dashboard API error: SqliteError: database disk image is malformed
    at A (.next/server/app/api/dashboard/route.js:107:2567) {
  code: 'SQLITE_CORRUPT'
}

> finance-tracker@0.1.0 build
> next build

   ▲ Next.js 15.5.15

   Creating an optimized production build ...
 ✓ Compiled successfully in 3.0s
   Linting and checking validity of types ...

> finance-tracker@0.1.0 build
> next build

   ▲ Next.js 15.5.15

   Creating an optimized production build ...
   Collecting page data ...

> Build error occurred
[Error: ENOENT: no such file or directory, open '/home/rasaaa/Projects/FinanceTracker/V1/.next/server/pages-manifest.json'] {
  errno: -2,
  code: 'ENOENT',
  syscall: 'open',
  path: '/home/rasaaa/Projects/FinanceTracker/V1/.next/server/pages-manifest.json'
}
 ✓ Compiled successfully in 1919ms
   Linting and checking validity of types ...
   Collecting page data ...
   Generating static pages (0/25) ...
   Generating static pages (6/25) 
   Generating static pages (12/25) 
   Generating static pages (18/25) 
 ✓ Generating static pages (25/25)
   Finalizing page optimization ...
   Collecting build traces ...

> finance-tracker@0.1.0 start
> next start

   ▲ Next.js 15.5.15
   - Local:        http://localhost:3000
   - Network:      http://192.168.1.25:3000

 ✓ Starting...

Route (app)                                 Size  First Load JS
┌ ○ /                                    3.52 kB         225 kB
├ ○ /_not-found                             1 kB         103 kB
├ ○ /accounts                            3.38 kB         113 kB
├ ƒ /api/accounts                          167 B         102 kB
├ ƒ /api/accounts/[id]                     167 B         102 kB
├ ƒ /api/backup                            167 B         102 kB
├ ƒ /api/budgets                           167 B         102 kB
├ ƒ /api/budgets/[id]                      167 B         102 kB
├ ƒ /api/categories                        167 B         102 kB
├ ƒ /api/categories/[id]                   167 B         102 kB
├ ƒ /api/dashboard                         167 B         102 kB
├ ƒ /api/debts                             167 B         102 kB
├ ƒ /api/debts/[id]                        167 B         102 kB
├ ƒ /api/debts/[id]/pay                    167 B         102 kB
├ ƒ /api/goals                             167 B         102 kB
├ ƒ /api/goals/[id]                        167 B         102 kB
├ ƒ /api/goals/[id]/fund                   167 B         102 kB
├ ƒ /api/reports                           167 B         102 kB
├ ƒ /api/restore                           167 B         102 kB
├ ƒ /api/settings                          167 B         102 kB
├ ƒ /api/transactions                      167 B         102 kB
├ ƒ /api/transactions/[id]                 167 B         102 kB
├ ○ /apple-icon.png                          0 B            0 B
├ ○ /budget                              2.91 kB         112 kB
├ ○ /categories                          1.98 kB         104 kB
├ ○ /debts                               3.51 kB         113 kB
├ ○ /goals                               3.24 kB         113 kB
├ ○ /icon.png                                0 B            0 B
├ ○ /reports                              2.5 kB         218 kB
├ ○ /settings                             2.7 kB         105 kB
└ ○ /transactions                        1.86 kB         114 kB
+ First Load JS shared by all             102 kB
  ├ chunks/255-249e483089def0f6.js       45.9 kB
  ├ chunks/4bd1b696-409494caf8c83275.js  54.4 kB
  └ other shared chunks (total)          1.97 kB


○  (Static)   prerendered as static content
ƒ  (Dynamic)  server-rendered on demand

 ✓ Ready in 244ms

> finance-tracker@0.1.0 start
> next start

 ⨯ Failed to start server
Error: listen EADDRINUSE: address already in use :::3000
    at <unknown> (Error: listen EADDRINUSE: address already in use :::3000)
    at new Promise (<anonymous>) {
  code: 'EADDRINUSE',
  errno: -98,
  syscall: 'listen',
  address: '::',
  port: 3000
}
